Progress: 100%, Time: 0:23

Словакия
Соединенное Королевство
Марокко
Вьетнам
Лесото
Кения
Йемен
Кот д'Ивуар
Швеция
Сьерра-Леоне
Германия
Танзания
Центральноафриканская Республика
Нигер
Сомали
Молдова
Малайзия
Республика Конго
Северная Македония
Австрия
Уругвай
Ботсвана
Филиппины
Сербия
Польша
Южная Африка
Джибути
Латвия
Уганда
Казахстан
Египет
Монголия
Зимбабве
Грузия
Туркмения
Ангола
Ирак
Габон
Колумбия
Литва
Венгрия
Португалия
Япония
Босния и Герцеговина
Израиль
Эфиопия
Ливия
Гвинея-Бисау
Болгария
Аргентина
Чад
Экваториальная Гвинея
Бельгия
Румыния
Норвегия
Узбекистан
Бразилия
Северная Корея
Гайана
Чили
Мозамбик
Дания
Белиз
Замбия
Бангладеш
Гватемала
Чешская Республика
Коста-Рика
Никарагуа
Боливия
Россия
Непал
Нидерланды
Азербайджан
Судан
Беларусь
Таджикистан
Ирландия
Папуа-Новая Гвинея
Демократическая республика Конго
Мьянма
Эквадор
Гондурас
Бурунди
Иран
Южный Судан
Тунис
Армения
Швейцария
Лаос
Камерун
Оман
Канада
Соломоновы Острова
Финляндия
Панама
Гаити
Намибия
Соединенные Штаты
Камбоджа
Эстония
Сальвадор
Буркина-Фасо
Кыргызстан
Мексика
Хорватия
Венесуэла
Индонезия
Китай
Мадагаскар
Южная Корея
Эритрея
Мавритания
Малави
Италия
Либерия
Тайвань
Турция
Бутан
Перу
Руанда
Исландия
Украина
Пакистан
Афганистан
Сенегал
Сирия
Таиланд
Парагвай
Индия
Алжир
Албания
Саудовская Аравия
Нигерия
Шри-Ланка
Испания
Гана
Греция
Бенин
Того
Суринам
Куба
Объединенные Арабские Эмираты
Новая Зеландия
Австралия
Франция
Гвинея
Иордания
Доминиканская Республика
Мали
